#
# There is insufficient memory for the Java Runtime Environment to continue.
# Native memory allocation (mmap) failed to map 130023424 bytes for Failed to commit area from 0x0000000084a00000 to 0x000000008c600000 of length 130023424.
# Possible reasons:
#   The system is out of physical RAM or swap space
#   The process is running with CompressedOops enabled, and the Java Heap may be blocking the growth of the native heap
# Possible solutions:
#   Reduce memory load on the system
#   Increase physical memory or swap space
#   Check if swap backing store is full
#   Decrease Java heap size (-Xmx/-Xms)
#   Decrease number of Java threads
#   Decrease Java thread stack sizes (-Xss)
#   Set larger code cache with -XX:ReservedCodeCacheSize=
# This output file may be truncated or incomplete.
#
#  Out of Memory Error (c:/BuildAgent/work/1eae4dac1d648407/src/hotspot/os/windows/os_windows.cpp:3296), pid=14824, tid=8872
#
# JRE version:  (11.0.6+8) (build )
# Java VM: OpenJDK 64-Bit Server VM (11.0.6+8-b765.25, mixed mode, sharing, tiered, compressed oops, g1 gc, windows-amd64)
# No core dump will be written. Minidumps are not enabled by default on client versions of Windows
#

---------------  S U M M A R Y ------------

Command Line: org.jetbrains.git4idea.http.GitAskPassApp Username for 'https://github.com': 

Host: Intel(R) Core(TM) i5-6200U CPU @ 2.30GHz, 4 cores, 7G,  Windows 10 , 64 bit Build 18362 (10.0.18362.959)
Time: Mon Aug 31 16:11:50 2020 SE Asia Standard Time elapsed time: 0 seconds (0d 0h 0m 0s)

---------------  T H R E A D  ---------------

Current thread (0x00000249d48fd000):  JavaThread "Unknown thread" [_thread_in_vm, id=8872, stack(0x000000aed7b00000,0x000000aed7c00000)]

Stack: [0x000000aed7b00000,0x000000aed7c00000]
Native frames: (J=compiled Java code, j=interpreted, Vv=VM code, C=native code)
V  [jvm.dll+0x5de3ca]
V  [jvm.dll+0x710ae5]
V  [jvm.dll+0x712005]
V  [jvm.dll+0x7126b3]
V  [jvm.dll+0x23e708]
V  [jvm.dll+0x5db874]
V  [jvm.dll+0x5d0aa5]
V  [jvm.dll+0x2fb0fb]
V  [jvm.dll+0x2fb06a]
V  [jvm.dll+0x2faf42]
V  [jvm.dll+0x2ffe16]
V  [jvm.dll+0x348723]
V  [jvm.dll+0x348e26]
V  [jvm.dll+0x348823]
V  [jvm.dll+0x2d58a8]
V  [jvm.dll+0x2d6a47]
V  [jvm.dll+0x6ef917]
V  [jvm.dll+0x6f110c]
V  [jvm.dll+0x355d69]
V  [jvm.dll+0x6d4afe]
V  [jvm.dll+0x3bf3d3]
V  [jvm.dll+0x3c1921]
C  [jli.dll+0x5363]
C  [ucrtbase.dll+0x20e82]
C  [KERNEL32.DLL+0x17bd4]
C  [ntdll.dll+0x6ce51]


---------------  P R O C E S S  ---------------

Threads class SMR info:
_java_thread_list=0x00000249d27880f0, length=0, elements={
}

Java Threads: ( => current thread )

Other Threads:
  0x00000249d4917000 GCTaskThread "GC Thread#0" [stack: 0x000000aed7c00000,0x000000aed7d00000] [id=12792]
  0x00000249d4945800 ConcurrentGCThread "G1 Main Marker" [stack: 0x000000aed7d00000,0x000000aed7e00000] [id=12356]
  0x00000249d4948000 ConcurrentGCThread "G1 Conc#0" [stack: 0x000000aed7e00000,0x000000aed7f00000] [id=13980]

[error occurred during error reporting (printing all threads), id 0xc0000005, EXCEPTION_ACCESS_VIOLATION (0xc0000005) at pc=0x00007fff73f06227]

VM state:not at safepoint (not fully initialized)

VM Mutex/Monitor currently owned by a thread:  ([mutex/lock_event])
[0x00000249d48f7c00] Heap_lock - owner thread: 0x00000249d48fd000

Heap address: 0x0000000084a00000, size: 1974 MB, Compressed Oops mode: Non-zero based: 0x0000000084a00000
Narrow klass base: 0x0000000000000000, Narrow klass shift: 0

GC Heap History (0 events):
No events

Deoptimization events (0 events):
No events

Classes redefined (0 events):
No events

Internal exceptions (0 events):
No events

Events (2 events):
Event: 0.014 Loaded shared library C:\Program Files\JetBrains\IntelliJ IDEA 2020.1\jbr\bin\zip.dll
Event: 0.016 Loaded shared library C:\Program Files\JetBrains\IntelliJ IDEA 2020.1\jbr\bin\jimage.dll


Dynamic libraries:
0x00007ff620f20000 - 0x00007ff620f2a000 	C:\Program Files\JetBrains\IntelliJ IDEA 2020.1\jbr\bin\java.exe
0x00007fffdf120000 - 0x00007fffdf310000 	C:\WINDOWS\SYSTEM32\ntdll.dll
0x00007fffdf010000 - 0x00007fffdf0c2000 	C:\WINDOWS\System32\KERNEL32.DLL
0x00007fffdc2d0000 - 0x00007fffdc574000 	C:\WINDOWS\System32\KERNELBASE.dll
0x00007fffdc0a0000 - 0x00007fffdc19a000 	C:\WINDOWS\System32\ucrtbase.dll
0x00007fffd8ce0000 - 0x00007fffd8cf9000 	C:\Program Files\JetBrains\IntelliJ IDEA 2020.1\jbr\bin\jli.dll
0x00007fffd78a0000 - 0x00007fffd78b7000 	C:\Program Files\JetBrains\IntelliJ IDEA 2020.1\jbr\bin\VCRUNTIME140.dll
0x00007fffde330000 - 0x00007fffde4c5000 	C:\WINDOWS\System32\USER32.dll
0x00007fffca770000 - 0x00007fffca9f4000 	C:\WINDOWS\WinSxS\amd64_microsoft.windows.common-controls_6595b64144ccf1df_6.0.18362.1016_none_9e7a36bbe461dae4\COMCTL32.dll
0x00007fffdc7f0000 - 0x00007fffdc811000 	C:\WINDOWS\System32\win32u.dll
0x00007fffded30000 - 0x00007fffdedce000 	C:\WINDOWS\System32\msvcrt.dll
0x00007fffde540000 - 0x00007fffde875000 	C:\WINDOWS\System32\combase.dll
0x00007fffdd640000 - 0x00007fffdd666000 	C:\WINDOWS\System32\GDI32.dll
0x00007fffde1e0000 - 0x00007fffde300000 	C:\WINDOWS\System32\RPCRT4.dll
0x00007fffdc630000 - 0x00007fffdc7c6000 	C:\WINDOWS\System32\gdi32full.dll
0x00007fffdd100000 - 0x00007fffdd180000 	C:\WINDOWS\System32\bcryptPrimitives.dll
0x00007fffdc1a0000 - 0x00007fffdc23e000 	C:\WINDOWS\System32\msvcp_win.dll
0x00007fffde300000 - 0x00007fffde32e000 	C:\WINDOWS\System32\IMM32.DLL
0x00007fffd19c0000 - 0x00007fffd1a5d000 	C:\Program Files\JetBrains\IntelliJ IDEA 2020.1\jbr\bin\msvcp140.dll
0x00007fff73c20000 - 0x00007fff746dd000 	C:\Program Files\JetBrains\IntelliJ IDEA 2020.1\jbr\bin\server\jvm.dll
0x00007fffdec80000 - 0x00007fffded23000 	C:\WINDOWS\System32\ADVAPI32.dll
0x00007fffddd60000 - 0x00007fffdddf7000 	C:\WINDOWS\System32\sechost.dll
0x00007fffdf0d0000 - 0x00007fffdf0d8000 	C:\WINDOWS\System32\PSAPI.DLL
0x00007fffd8c80000 - 0x00007fffd8ca4000 	C:\WINDOWS\SYSTEM32\WINMM.dll
0x00007fffcaa70000 - 0x00007fffcaa79000 	C:\WINDOWS\SYSTEM32\WSOCK32.dll
0x00007fffde990000 - 0x00007fffde9ff000 	C:\WINDOWS\System32\WS2_32.dll
0x00007fffd5e50000 - 0x00007fffd5e5a000 	C:\WINDOWS\SYSTEM32\VERSION.dll
0x00007fffd8c40000 - 0x00007fffd8c6d000 	C:\WINDOWS\SYSTEM32\WINMMBASE.dll
0x00007fffdd180000 - 0x00007fffdd1ca000 	C:\WINDOWS\System32\cfgmgr32.dll
0x00007fffdbfe0000 - 0x00007fffdbff1000 	C:\WINDOWS\System32\kernel.appcore.dll
0x00007fffcaa10000 - 0x00007fffcaa21000 	C:\Program Files\JetBrains\IntelliJ IDEA 2020.1\jbr\bin\verify.dll
0x00007fffcc2d0000 - 0x00007fffcc4c4000 	C:\WINDOWS\SYSTEM32\DBGHELP.DLL
0x00007fffc78b0000 - 0x00007fffc78da000 	C:\WINDOWS\SYSTEM32\dbgcore.DLL
0x00007fffca340000 - 0x00007fffca369000 	C:\Program Files\JetBrains\IntelliJ IDEA 2020.1\jbr\bin\java.dll
0x00007fffb30f0000 - 0x00007fffb3108000 	C:\Program Files\JetBrains\IntelliJ IDEA 2020.1\jbr\bin\zip.dll
0x00007fffc9fd0000 - 0x00007fffc9fdb000 	C:\Program Files\JetBrains\IntelliJ IDEA 2020.1\jbr\bin\jimage.dll

dbghelp: loaded successfully - version: 4.0.5 - missing functions: none
symbol engine: initialized successfully - sym options: 0x614 - pdb path: .;C:\Program Files\JetBrains\IntelliJ IDEA 2020.1\jbr\bin;C:\WINDOWS\SYSTEM32;C:\WINDOWS\WinSxS\amd64_microsoft.windows.common-controls_6595b64144ccf1df_6.0.18362.1016_none_9e7a36bbe461dae4;C:\Program Files\JetBrains\IntelliJ IDEA 2020.1\jbr\bin\server

VM Arguments:
java_command: org.jetbrains.git4idea.http.GitAskPassApp Username for 'https://github.com': 
java_class_path (initial): C:/Program Files/JetBrains/IntelliJ IDEA 2020.1/plugins/git4idea/lib/git4idea-rt.jar;C:/Program Files/JetBrains/IntelliJ IDEA 2020.1/lib/xmlrpc-2.0.1.jar;C:/Program Files/JetBrains/IntelliJ IDEA 2020.1/lib/commons-codec-1.14.jar;C:/Program Files/JetBrains/IntelliJ IDEA 2020.1/lib/util.jar
Launcher Type: SUN_STANDARD

[Global flags]
     intx CICompilerCount                          = 3                                         {product} {ergonomic}
     uint ConcGCThreads                            = 1                                         {product} {ergonomic}
     uint G1ConcRefinementThreads                  = 4                                         {product} {ergonomic}
   size_t G1HeapRegionSize                         = 1048576                                   {product} {ergonomic}
    uintx GCDrainStackTargetSize                   = 64                                        {product} {ergonomic}
   size_t InitialHeapSize                          = 130023424                                 {product} {ergonomic}
   size_t MarkStackSize                            = 4194304                                   {product} {ergonomic}
   size_t MaxHeapSize                              = 2069889024                                {product} {ergonomic}
   size_t MinHeapDeltaBytes                        = 1048576                                   {product} {ergonomic}
    uintx NonNMethodCodeHeapSize                   = 5830732                                {pd product} {ergonomic}
    uintx NonProfiledCodeHeapSize                  = 122913754                              {pd product} {ergonomic}
    uintx ProfiledCodeHeapSize                     = 122913754                              {pd product} {ergonomic}
    uintx ReservedCodeCacheSize                    = 251658240                              {pd product} {ergonomic}
     bool SegmentedCodeCache                       = true                                      {product} {ergonomic}
     bool UseCompressedClassPointers               = true                                 {lp64_product} {ergonomic}
     bool UseCompressedOops                        = true                                 {lp64_product} {ergonomic}
     bool UseG1GC                                  = true                                      {product} {ergonomic}
     bool UseLargePagesIndividualAllocation        = false                                  {pd product} {ergonomic}

Logging:
Log output configuration:
 #0: stdout all=warning uptime,level,tags
 #1: stderr all=off uptime,level,tags

Environment Variables:
JAVA_HOME=C:\Program Files\Java\jdk1.8.0_211
PATH=C:\Program Files\Git\mingw64\libexec\git-core;C:\Program Files\Git\mingw64\libexec\git-core;C:\Program Files\Git\mingw64\bin;C:\Program Files\Git\usr\bin;C:\Users\hieuv\bin;C:\Program Files\Microsoft MPI\Bin;C:\Program Files (x86)\Common Files\Oracle\Java\javapath;C:\WINDOWS\system32;C:\WINDOWS;C:\WINDOWS\System32\Wbem;C:\WINDOWS\System32\WindowsPowerShell\v1.0;C:\WINDOWS\System32\OpenSSH;C:\Program Files\Git\cmd;C:\Program Files (x86)\Bitvise SSH Client;D:\server\apache-tomee-plus-8.0.2\bin;C:\Program Files\Java\jdk1.8.0_211\bin;%JRE_HOME%\bin;C:\Program Files (x86)\GtkSharp\2.12\bin;C:\Program Files\Microsoft SQL Server\110\Tools\Binn;C:\Program Files (x86)\Microsoft SQL Server\140\Tools\Binn;C:\Program Files\Microsoft SQL Server\140\Tools\Binn;C:\Program Files (x86)\Microsoft SQL Server\140\DTS\Binn;C:\Program Files\Microsoft SQL Server\140\DTS\Binn;C:\Program Files\Microsoft SQL Server\Client SDK\ODBC\130\Tools\Binn;C:\Program Files\Microsoft SQL Server\Client SDK\ODBC\110\Tools\Binn;C:\Program Files (x86)\Microsoft SQL Server\120\Tools\Binn;C:\Program Files\Microsoft SQL Server\120\Tools\Binn;C:\Program Files\Microsoft SQL Server\120\DTS\Binn;C:\Program Files (x86)\Microsoft SQL Server\120\Tools\Binn\ManagementStudio;C:\Program Files (x86)\Microsoft SQL Server\120\DTS\Binn;C:\MinGW\bin;C:\Program Files\Microsoft SQL Server Migration Assistant for MySQL\bin;C:\Program Files\nodejs;C:\Users\hieuv\.cargo\bin;C:\Users\hieuv\AppData\Local\Programs\Python\Python37-32\Scripts;C:\Users\hieuv\AppData\Local\Programs\Python\Python37-32;C:\Users\hieuv\AppData\Local\Microsoft\WindowsApps;F:\Program Files (x86)\visualCode\Microsoft VS Code\bin;C:\Program Files\JetBrains\PyCharm 2019.1.2\bin;C:\Users\hieuv\AppData\Roaming\npm;C:\Users\hieuv\AppData\Local\GitHubDesktop\bin;C:\Program Files\Java\jdk1.8.0_211\bin
USERNAME=hieuv
DISPLAY=:0.0
OS=Windows_NT
PROCESSOR_IDENTIFIER=Intel64 Family 6 Model 78 Stepping 3, GenuineIntel



---------------  S Y S T E M  ---------------

OS: Windows 10 , 64 bit Build 18362 (10.0.18362.959)

CPU:total 4 (initial active 4) (2 cores per cpu, 2 threads per core) family 6 model 78 stepping 3, cmov, cx8, fxsr, mmx, sse, sse2, sse3, ssse3, sse4.1, sse4.2, popcnt, avx, avx2, aes, clmul, erms, 3dnowpref, lzcnt, ht, tsc, tscinvbit, bmi1, bmi2, adx, fma

Memory: 4k page, system-wide physical 7891M (204M free)
TotalPageFile size 17891M (AvailPageFile size 47M)
current process WorkingSet (physical memory assigned to process): 9M, peak: 9M
current process commit charge ("private bytes"): 51M, peak: 175M

vm_info: OpenJDK 64-Bit Server VM (11.0.6+8-b765.25) for windows-amd64 JRE (11.0.6+8-b765.25), built on Mar 30 2020 12:57:22 by "" with MS VC++ 14.0 (VS2015)

END.
